<?xml version="1.0" encoding="UTF-8"?>
<testng-results skipped="0" failed="0" ignored="0" total="4" passed="4">
  <reporter-output>
  </reporter-output>
  <suite name="Regression Testing ON Musala Website" duration-ms="12655" started-at="2022-05-06T22:35:21 EET" finished-at="2022-05-06T22:35:34 EET">
    <groups>
    </groups>
    <test name="Company" duration-ms="12655" started-at="2022-05-06T22:35:21 EET" finished-at="2022-05-06T22:35:34 EET">
      <class name="WebsiteAutomation.MusalaSoft.CompanyTcs">
        <test-method status="PASS" signature="AccessCompanyPage(java.lang.String)[pri:0, instance:WebsiteAutomation.MusalaSoft.CompanyTcs@663bb8ef]" name="AccessCompanyPage" is-config="true" duration-ms="9920" started-at="2022-05-06T22:35:21 EET" finished-at="2022-05-06T22:35:31 EET">
          <params>
            <param index="0">
              <value>
                <![CDATA[chrome]]>
              </value>
            </param>
          </params>
          <reporter-output>
          </reporter-output>
        </test-method> <!-- AccessCompanyPage -->
        <test-method status="PASS" signature="CorrectCompanyURL()[pri:1, instance:WebsiteAutomation.MusalaSoft.CompanyTcs@663bb8ef]" name="CorrectCompanyURL" duration-ms="12" started-at="2022-05-06T22:35:31 EET" finished-at="2022-05-06T22:35:31 EET">
          <reporter-output>
          </reporter-output>
        </test-method> <!-- CorrectCompanyURL -->
        <test-method status="PASS" signature="LeaderShipSectionContainMember()[pri:2, instance:WebsiteAutomation.MusalaSoft.CompanyTcs@663bb8ef]" name="LeaderShipSectionContainMember" duration-ms="24" started-at="2022-05-06T22:35:31 EET" finished-at="2022-05-06T22:35:31 EET">
          <reporter-output>
          </reporter-output>
        </test-method> <!-- LeaderShipSectionContainMember -->
        <test-method status="PASS" signature="verifyCorrectURLFacebook()[pri:3, instance:WebsiteAutomation.MusalaSoft.CompanyTcs@663bb8ef]" name="verifyCorrectURLFacebook" duration-ms="35" started-at="2022-05-06T22:35:31 EET" finished-at="2022-05-06T22:35:31 EET">
          <reporter-output>
          </reporter-output>
        </test-method> <!-- verifyCorrectURLFacebook -->
        <test-method status="PASS" signature="validateCorrectURLFacebookUsingProfilePicture()[pri:4, instance:WebsiteAutomation.MusalaSoft.CompanyTcs@663bb8ef]" name="validateCorrectURLFacebookUsingProfilePicture" duration-ms="2564" started-at="2022-05-06T22:35:31 EET" finished-at="2022-05-06T22:35:34 EET">
          <reporter-output>
          </reporter-output>
        </test-method> <!-- validateCorrectURLFacebookUsingProfilePicture -->
        <test-method status="PASS" signature="afterClass()[pri:0, instance:WebsiteAutomation.MusalaSoft.CompanyTcs@663bb8ef]" name="afterClass" is-config="true" duration-ms="62" started-at="2022-05-06T22:35:34 EET" finished-at="2022-05-06T22:35:34 EET">
          <reporter-output>
          </reporter-output>
        </test-method> <!-- afterClass -->
      </class> <!-- WebsiteAutomation.MusalaSoft.CompanyTcs -->
    </test> <!-- Company -->
  </suite> <!-- Regression Testing ON Musala Website -->
</testng-results>
