<?xml version="1.0" encoding="UTF-8"?>
<!-- Generated by org.testng.reporters.JUnitReportReporter -->
<testsuite skipped="0" hostname="DESKTOP-MJ1T9AR" name="WebsiteAutomation.MusalaSoft.JoinUsTcs" tests="8" failures="0" timestamp="2022-05-07T21:02:18 EET" time="11.694" errors="0">
  <testcase name="ValidateJoinUsPage" time="0.014" classname="WebsiteAutomation.MusalaSoft.JoinUsTcs"/>
  <system-out/>
  <testcase name="ApplyFilterByAnyWhere" time="2.758" classname="WebsiteAutomation.MusalaSoft.JoinUsTcs"/>
  <system-out/>
  <testcase name="Choose_open_position_by_name" time="2.420" classname="WebsiteAutomation.MusalaSoft.JoinUsTcs"/>
  <system-out/>
  <testcase name="isJobSpecificationDisplayed" time="0.051" classname="WebsiteAutomation.MusalaSoft.JoinUsTcs"/>
  <system-out/>
  <testcase name="VerifyAppearanceApplyButton" time="0.144" classname="WebsiteAutomation.MusalaSoft.JoinUsTcs"/>
  <system-out/>
  <testcase name="SubmitJobForm" time="2.086" classname="WebsiteAutomation.MusalaSoft.JoinUsTcs"/>
  <system-out/>
  <testcase name="SubmitJobForm" time="2.120" classname="WebsiteAutomation.MusalaSoft.JoinUsTcs"/>
  <system-out/>
  <testcase name="SubmitJobForm" time="2.101" classname="WebsiteAutomation.MusalaSoft.JoinUsTcs"/>
  <system-out/>
</testsuite> <!-- WebsiteAutomation.MusalaSoft.JoinUsTcs -->
