<?xml version="1.0" encoding="UTF-8"?>
<!-- Generated by org.testng.reporters.JUnitXMLReporter -->
<testsuite hostname="DESKTOP-MJ1T9AR" ignored="0" name="Apply On Job in Specific country" tests="8" failures="0" timestamp="2022-05-08T02:22:38 EET" time="31.944" errors="0">
  <testcase name="ValidateJoinUsPage" time="0.004" classname="WebsiteAutomation.MusalaSoft.JoinUsTcs"/>
  <testcase name="ApplyFilterByAnyWhere" time="2.241" classname="WebsiteAutomation.MusalaSoft.JoinUsTcs"/>
  <testcase name="Choose_open_position_by_name" time="1.82" classname="WebsiteAutomation.MusalaSoft.JoinUsTcs"/>
  <testcase name="isJobSpecificationDisplayed" time="0.043" classname="WebsiteAutomation.MusalaSoft.JoinUsTcs"/>
  <testcase name="VerifyAppearanceApplyButton" time="0.17" classname="WebsiteAutomation.MusalaSoft.JoinUsTcs"/>
  <testcase name="SubmitJobForm" time="2.111" classname="WebsiteAutomation.MusalaSoft.JoinUsTcs"/>
  <testcase name="SubmitJobForm" time="2.036" classname="WebsiteAutomation.MusalaSoft.JoinUsTcs"/>
  <testcase name="SubmitJobForm" time="1.999" classname="WebsiteAutomation.MusalaSoft.JoinUsTcs"/>
</testsuite> <!-- Apply On Job in Specific country -->
