<?xml version="1.0" encoding="UTF-8"?>
<!-- Generated by org.testng.reporters.JUnitXMLReporter -->
<testsuite hostname="DESKTOP-MJ1T9AR" ignored="0" name="Company Profile" tests="4" failures="0" timestamp="2022-05-08T02:22:22 EET" time="15.654" errors="0">
  <testcase name="CorrectCompanyURL" time="0.022" classname="WebsiteAutomation.MusalaSoft.CompanyTcs"/>
  <testcase name="LeaderShipSectionContainMember" time="0.047" classname="WebsiteAutomation.MusalaSoft.CompanyTcs"/>
  <testcase name="verifyCorrectURLFacebook" time="0.054" classname="WebsiteAutomation.MusalaSoft.CompanyTcs"/>
  <testcase name="validateCorrectURLFacebookUsingProfilePicture" time="2.008" classname="WebsiteAutomation.MusalaSoft.CompanyTcs"/>
</testsuite> <!-- Company Profile -->
