<?xml version="1.0" encoding="UTF-8"?>
<!-- Generated by org.testng.reporters.JUnitXMLReporter -->
<testsuite hostname="DESKTOP-MJ1T9AR" ignored="0" name="Company" tests="3" failures="0" timestamp="2022-05-08T02:17:28 EET" time="26.006" errors="0">
  <testcase name="ValidateJoinUsPage" time="0.011" classname="WebsiteAutomation.MusalaSoft.DisplayPositionbylocation"/>
  <testcase name="PrintPositionsInfoSofia" time="2.718" classname="WebsiteAutomation.MusalaSoft.DisplayPositionbylocation"/>
  <testcase name="PrintPositionsInfoSkopje" time="2.665" classname="WebsiteAutomation.MusalaSoft.DisplayPositionbylocation"/>
</testsuite> <!-- Company -->
