<?xml version="1.0" encoding="UTF-8"?>
<!-- Generated by org.testng.reporters.JUnitXMLReporter -->
<testsuite hostname="DESKTOP-MJ1T9AR" ignored="0" name="Company" tests="4" failures="0" timestamp="2022-05-06T22:35:34 EET" time="12.655" errors="0">
  <testcase name="CorrectCompanyURL" time="0.012" classname="WebsiteAutomation.MusalaSoft.CompanyTcs"/>
  <testcase name="LeaderShipSectionContainMember" time="0.024" classname="WebsiteAutomation.MusalaSoft.CompanyTcs"/>
  <testcase name="verifyCorrectURLFacebook" time="0.035" classname="WebsiteAutomation.MusalaSoft.CompanyTcs"/>
  <testcase name="validateCorrectURLFacebookUsingProfilePicture" time="2.564" classname="WebsiteAutomation.MusalaSoft.CompanyTcs"/>
</testsuite> <!-- Company -->
