<?xml version="1.0" encoding="UTF-8"?>
<!-- Generated by org.testng.reporters.JUnitXMLReporter -->
<testsuite hostname="DESKTOP-MJ1T9AR" ignored="0" name="Contact US on Chrome" tests="6" failures="0" timestamp="2022-05-06T18:24:35 EET" time="31.67" errors="0">
  <testcase name="isContact_Us_Form_Displayed" time="0.044" classname="WebsiteAutomation.MusalaSoft.ContactUsTCs"/>
  <testcase name="Submit_Form_Invalid_Email_Synatax" time="0.978" classname="WebsiteAutomation.MusalaSoft.ContactUsTCs"/>
  <testcase name="Submit_Form_Invalid_Email_Synatax" time="0.806" classname="WebsiteAutomation.MusalaSoft.ContactUsTCs"/>
  <testcase name="Submit_Form_Invalid_Email_Synatax" time="0.797" classname="WebsiteAutomation.MusalaSoft.ContactUsTCs"/>
  <testcase name="Submit_Form_Invalid_Email_Synatax" time="0.786" classname="WebsiteAutomation.MusalaSoft.ContactUsTCs"/>
  <testcase name="Submit_Form_Invalid_Email_Synatax" time="0.812" classname="WebsiteAutomation.MusalaSoft.ContactUsTCs"/>
</testsuite> <!-- Contact US on Chrome -->
