<?xml version="1.0" encoding="UTF-8"?>
<!-- Generated by org.testng.reporters.JUnitXMLReporter -->
<testsuite hostname="DESKTOP-MJ1T9AR" ignored="0" name="Contact US " tests="6" failures="0" timestamp="2022-05-06T21:05:32 EET" time="36.728" errors="0">
  <testcase name="isContact_Us_Form_Displayed" time="0.047" classname="WebsiteAutomation.MusalaSoft.ContactUsTCs"/>
  <testcase name="Submit_Form_Invalid_Email_Synatax" time="1.01" classname="WebsiteAutomation.MusalaSoft.ContactUsTCs"/>
  <testcase name="Submit_Form_Invalid_Email_Synatax" time="0.843" classname="WebsiteAutomation.MusalaSoft.ContactUsTCs"/>
  <testcase name="Submit_Form_Invalid_Email_Synatax" time="0.806" classname="WebsiteAutomation.MusalaSoft.ContactUsTCs"/>
  <testcase name="Submit_Form_Invalid_Email_Synatax" time="0.814" classname="WebsiteAutomation.MusalaSoft.ContactUsTCs"/>
  <testcase name="Submit_Form_Invalid_Email_Synatax" time="0.822" classname="WebsiteAutomation.MusalaSoft.ContactUsTCs"/>
</testsuite> <!-- Contact US  -->
