<?xml version="1.0" encoding="UTF-8"?>
<!-- Generated by org.testng.reporters.JUnitXMLReporter -->
<testsuite hostname="DESKTOP-MJ1T9AR" ignored="0" name="Contact US FireFox" tests="6" failures="0" timestamp="2022-05-06T17:37:27 EET" time="33.685" errors="0">
  <testcase name="isContact_Us_Form_Displayed" time="0.02" classname="WebsiteAutomation.MusalaSoft.ContactUsTCs"/>
  <testcase name="Submit_Form_Invalid_Email_Synatax" time="0.894" classname="WebsiteAutomation.MusalaSoft.ContactUsTCs"/>
  <testcase name="Submit_Form_Invalid_Email_Synatax" time="0.832" classname="WebsiteAutomation.MusalaSoft.ContactUsTCs"/>
  <testcase name="Submit_Form_Invalid_Email_Synatax" time="0.835" classname="WebsiteAutomation.MusalaSoft.ContactUsTCs"/>
  <testcase name="Submit_Form_Invalid_Email_Synatax" time="0.844" classname="WebsiteAutomation.MusalaSoft.ContactUsTCs"/>
  <testcase name="Submit_Form_Invalid_Email_Synatax" time="0.831" classname="WebsiteAutomation.MusalaSoft.ContactUsTCs"/>
</testsuite> <!-- Contact US FireFox -->
