<?xml version="1.0" encoding="UTF-8"?>
<!-- Generated by org.testng.reporters.JUnitXMLReporter -->
<testsuite hostname="DESKTOP-MJ1T9AR" ignored="0" name="Display All Jobs in specific country" tests="3" failures="0" timestamp="2022-05-08T02:22:34 EET" time="28.37" errors="0">
  <testcase name="ValidateJoinUsPage" time="0.004" classname="WebsiteAutomation.MusalaSoft.DisplayPositionbylocation"/>
  <testcase name="PrintPositionsInfoSofia" time="2.699" classname="WebsiteAutomation.MusalaSoft.DisplayPositionbylocation"/>
  <testcase name="PrintPositionsInfoSkopje" time="2.6" classname="WebsiteAutomation.MusalaSoft.DisplayPositionbylocation"/>
</testsuite> <!-- Display All Jobs in specific country -->
