<?xml version="1.0" encoding="UTF-8"?>
<!-- Generated by org.testng.reporters.JUnitXMLReporter -->
<testsuite hostname="DESKTOP-MJ1T9AR" ignored="0" name="Sumit Contact Us Form" tests="6" failures="0" timestamp="2022-05-08T03:21:38 EET" time="17.236" errors="0">
  <testcase name="isContact_Us_Form_Displayed" time="0.066" classname="TestCases.ContactUsTCs"/>
  <testcase name="Submit_Form_Invalid_Email_Synatax" time="1.16" classname="TestCases.ContactUsTCs"/>
  <testcase name="Submit_Form_Invalid_Email_Synatax" time="1.071" classname="TestCases.ContactUsTCs"/>
  <testcase name="Submit_Form_Invalid_Email_Synatax" time="0.95" classname="TestCases.ContactUsTCs"/>
  <testcase name="Submit_Form_Invalid_Email_Synatax" time="0.916" classname="TestCases.ContactUsTCs"/>
  <testcase name="Submit_Form_Invalid_Email_Synatax" time="0.917" classname="TestCases.ContactUsTCs"/>
</testsuite> <!-- Sumit Contact Us Form -->
