<?xml version="1.0" encoding="UTF-8"?>
<!-- Generated by org.testng.reporters.JUnitXMLReporter -->
<testsuite hostname="DESKTOP-MJ1T9AR" ignored="0" name="Sumit Contact Us Form" tests="6" failures="0" timestamp="2022-05-08T02:22:26 EET" time="20.047" errors="0">
  <testcase name="isContact_Us_Form_Displayed" time="0.133" classname="WebsiteAutomation.MusalaSoft.ContactUsTCs"/>
  <testcase name="Submit_Form_Invalid_Email_Synatax" time="1.294" classname="WebsiteAutomation.MusalaSoft.ContactUsTCs"/>
  <testcase name="Submit_Form_Invalid_Email_Synatax" time="0.89" classname="WebsiteAutomation.MusalaSoft.ContactUsTCs"/>
  <testcase name="Submit_Form_Invalid_Email_Synatax" time="0.824" classname="WebsiteAutomation.MusalaSoft.ContactUsTCs"/>
  <testcase name="Submit_Form_Invalid_Email_Synatax" time="1.077" classname="WebsiteAutomation.MusalaSoft.ContactUsTCs"/>
  <testcase name="Submit_Form_Invalid_Email_Synatax" time="0.972" classname="WebsiteAutomation.MusalaSoft.ContactUsTCs"/>
</testsuite> <!-- Sumit Contact Us Form -->
